<?xml version="1.0" encoding="UTF-8"?>
<TestRun id="d6de11c4-22de-466b-963f-c19f7a07255e" name="csabee@CSABEE-PC 2012-04-17 16:41:11" runUser="csabee-PC\csabee" xmlns="http://microsoft.com/schemas/VisualStudio/TeamTest/2010">
  <TestSettings name="Local" id="a735ae1b-cd0b-4343-a311-8612d00281aa">
    <Description>These are default test settings for a local test run.</Description>
    <Deployment enabled="false" runDeploymentRoot="csabee_CSABEE-PC 2012-04-17 16_41_11">
      <DeploymentItem filename="d:\_WORK_\_Oktatas_\BME\FactoryDemo\packages\EntityFramework.4.1.10331.0\lib\EntityFramework.dll" />
      <DeploymentItem filename="d:\_WORK_\_Oktatas_\BME\FactoryDemo\packages\CommonServiceLocator.1.0\lib\NET35\Microsoft.Practices.ServiceLocation.dll" />
      <DeploymentItem filename="d:\_WORK_\_Oktatas_\BME\FactoryDemo\DataAccess\bin\Debug\DataAccess.dll" />
      <DeploymentItem filename="d:\_WORK_\_Oktatas_\BME\FactoryDemo\FactoryDemo\bin\FactoryDemo.dll" />
      <DeploymentItem filename="d:\_WORK_\_Oktatas_\BME\FactoryDemo\packages\Unity.2.1.505.0\lib\NET35\Microsoft.Practices.Unity.Configuration.dll" />
      <DeploymentItem filename="d:\_WORK_\_Oktatas_\BME\FactoryDemo\packages\Moq.4.0.10827\lib\NET40\Moq.dll" />
      <DeploymentItem filename="d:\_WORK_\_Oktatas_\BME\FactoryDemo\packages\Unity.Interception.2.1.505.0\lib\NET35\Microsoft.Practices.Unity.Interception.dll" />
      <DeploymentItem filename="d:\_WORK_\_Oktatas_\BME\FactoryDemo\packages\Unity.Interception.2.1.505.0\lib\NET35\Microsoft.Practices.Unity.Interception.Configuration.dll" />
      <DeploymentItem filename="d:\_WORK_\_Oktatas_\BME\FactoryDemo\packages\Unity.2.1.505.0\lib\NET35\Microsoft.Practices.Unity.dll" />
    </Deployment>
    <Execution>
      <TestTypeSpecific />
      <AgentRule name="Execution Agents">
      </AgentRule>
    </Execution>
  </TestSettings>
  <Times creation="2012-04-17T16:41:11.1556352+02:00" queuing="2012-04-17T16:41:11.1636356+02:00" start="2012-04-17T16:41:11.1686359+02:00" finish="2012-04-17T16:41:11.9676816+02:00" />
  <ResultSummary outcome="Failed">
    <Counters total="1" executed="1" error="0" failed="1" timeout="0" aborted="0" inconclusive="0" passedButRunAborted="0" notRunnable="0" notExecuted="0" disconnected="0" warning="0" passed="0" completed="0" inProgress="0" pending="0" />
    <RunInfos>
      <RunInfo computerName="CSABEE-PC" outcome="Warning" timestamp="2012-04-17T16:41:11.1626356+02:00">
        <Text>Deployment is currently disabled. The deployment item 'unity.config' on test 'Test.Controllers.ControllerTest.Edit_Failed_TooShortName' was not deployed.</Text>
      </RunInfo>
    </RunInfos>
  </ResultSummary>
  <TestDefinitions>
    <UnitTest name="Edit_Failed_TooShortName" storage="d:\_work_\_oktatas_\bme\factorydemo\test\bin\debug\test.dll" id="7f059479-5e2a-0869-7194-c68544b67148">
      <DeploymentItems>
        <DeploymentItem filename="unity.config" />
      </DeploymentItems>
      <Execution id="6d5b0244-a455-4b19-82f1-d8c386cf7daf" />
      <TestMethod codeBase="d:/_WORK_/_Oktatas_/BME/FactoryDemo/Test/bin/Debug/Test.DLL" adapterTypeName="Microsoft.VisualStudio.TestTools.TestTypes.Unit.UnitTestAdapter, Microsoft.VisualStudio.QualityTools.Tips.UnitTest.Adapter, Version=10.0.0.0, Culture=neutral, PublicKeyToken=b03f5f7f11d50a3a" className="Test.Controllers.ControllerTest, Test, Version=1.0.0.0, Culture=neutral, PublicKeyToken=null" name="Edit_Failed_TooShortName" />
    </UnitTest>
  </TestDefinitions>
  <TestLists>
    <TestList name="Results Not in a List" id="8c84fa94-04c1-424b-9868-57a2d4851a1d" />
    <TestList name="All Loaded Results" id="19431567-8539-422a-85d7-44ee4e166bda" />
  </TestLists>
  <TestEntries>
    <TestEntry testId="7f059479-5e2a-0869-7194-c68544b67148" executionId="6d5b0244-a455-4b19-82f1-d8c386cf7daf" testListId="8c84fa94-04c1-424b-9868-57a2d4851a1d" />
  </TestEntries>
  <Results>
    <UnitTestResult executionId="6d5b0244-a455-4b19-82f1-d8c386cf7daf" testId="7f059479-5e2a-0869-7194-c68544b67148" testName="Edit_Failed_TooShortName" computerName="CSABEE-PC" duration="00:00:00.5617435" startTime="2012-04-17T16:41:11.1706360+02:00" endTime="2012-04-17T16:41:11.9336797+02:00" testType="13cdc9d9-ddb5-4fa4-a97d-d965ccfc6d4b" outcome="Failed" testListId="8c84fa94-04c1-424b-9868-57a2d4851a1d" relativeResultsDirectory="6d5b0244-a455-4b19-82f1-d8c386cf7daf">
      <Output>
        <ErrorInfo>
          <Message>Assert.IsInstanceOfType failed.  Expected type:&lt;System.Web.Mvc.ViewResult&gt;. Actual type:&lt;System.Web.Mvc.RedirectToRouteResult&gt;.</Message>
          <StackTrace>   at Test.Controllers.ControllerTest.Edit_Failed_TooShortName() in d:\_WORK_\_Oktatas_\BME\FactoryDemo\Test\Controllers\ControllerTest.cs:line 84
</StackTrace>
        </ErrorInfo>
      </Output>
    </UnitTestResult>
  </Results>
</TestRun>