<?xml version="1.0" encoding="UTF-8"?>
<TestRun id="7074d9e0-d204-4fb8-9e4a-3e431dcda286" name="csabee@CSABEE-PC 2012-04-17 16:43:54" runUser="csabee-PC\csabee" xmlns="http://microsoft.com/schemas/VisualStudio/TeamTest/2010">
  <TestSettings name="Local" id="a735ae1b-cd0b-4343-a311-8612d00281aa">
    <Description>These are default test settings for a local test run.</Description>
    <Deployment enabled="false" runDeploymentRoot="csabee_CSABEE-PC 2012-04-17 16_43_54">
      <DeploymentItem filename="d:\_WORK_\_Oktatas_\BME\FactoryDemo\packages\EntityFramework.4.1.10331.0\lib\EntityFramework.dll" />
      <DeploymentItem filename="d:\_WORK_\_Oktatas_\BME\FactoryDemo\packages\CommonServiceLocator.1.0\lib\NET35\Microsoft.Practices.ServiceLocation.dll" />
      <DeploymentItem filename="d:\_WORK_\_Oktatas_\BME\FactoryDemo\DataAccess\bin\Debug\DataAccess.dll" />
      <DeploymentItem filename="d:\_WORK_\_Oktatas_\BME\FactoryDemo\FactoryDemo\bin\FactoryDemo.dll" />
      <DeploymentItem filename="d:\_WORK_\_Oktatas_\BME\FactoryDemo\packages\Unity.2.1.505.0\lib\NET35\Microsoft.Practices.Unity.Configuration.dll" />
      <DeploymentItem filename="d:\_WORK_\_Oktatas_\BME\FactoryDemo\packages\Moq.4.0.10827\lib\NET40\Moq.dll" />
      <DeploymentItem filename="d:\_WORK_\_Oktatas_\BME\FactoryDemo\packages\Unity.Interception.2.1.505.0\lib\NET35\Microsoft.Practices.Unity.Interception.dll" />
      <DeploymentItem filename="d:\_WORK_\_Oktatas_\BME\FactoryDemo\packages\Unity.Interception.2.1.505.0\lib\NET35\Microsoft.Practices.Unity.Interception.Configuration.dll" />
      <DeploymentItem filename="d:\_WORK_\_Oktatas_\BME\FactoryDemo\packages\Unity.2.1.505.0\lib\NET35\Microsoft.Practices.Unity.dll" />
    </Deployment>
    <Execution>
      <TestTypeSpecific />
      <AgentRule name="Execution Agents">
      </AgentRule>
    </Execution>
  </TestSettings>
  <Times creation="2012-04-17T16:43:54.9830056+02:00" queuing="2012-04-17T16:43:54.9880058+02:00" start="2012-04-17T16:43:54.9950062+02:00" finish="2012-04-17T16:43:55.7750509+02:00" />
  <ResultSummary outcome="Failed">
    <Counters total="3" executed="3" passed="1" error="0" failed="2" timeout="0" aborted="0" inconclusive="0" passedButRunAborted="0" notRunnable="0" notExecuted="0" disconnected="0" warning="0" completed="0" inProgress="0" pending="0" />
    <RunInfos>
      <RunInfo computerName="CSABEE-PC" outcome="Warning" timestamp="2012-04-17T16:43:54.9880058+02:00">
        <Text>Deployment is currently disabled. The deployment item 'unity.config' on test 'Test.Controllers.ControllerTest.EditTest' was not deployed.</Text>
      </RunInfo>
    </RunInfos>
  </ResultSummary>
  <TestDefinitions>
    <UnitTest name="EditTest" storage="d:\_work_\_oktatas_\bme\factorydemo\test\bin\debug\test.dll" id="01c5e9f3-963a-42f7-d8a5-1c91c5ef40f7">
      <DeploymentItems>
        <DeploymentItem filename="unity.config" />
      </DeploymentItems>
      <Execution id="adde08e7-a585-4845-9af8-3854ce3532f1" />
      <TestMethod codeBase="d:/_WORK_/_Oktatas_/BME/FactoryDemo/Test/bin/Debug/Test.DLL" adapterTypeName="Microsoft.VisualStudio.TestTools.TestTypes.Unit.UnitTestAdapter, Microsoft.VisualStudio.QualityTools.Tips.UnitTest.Adapter, Version=10.0.0.0, Culture=neutral, PublicKeyToken=b03f5f7f11d50a3a" className="Test.Controllers.ControllerTest, Test, Version=1.0.0.0, Culture=neutral, PublicKeyToken=null" name="EditTest" />
    </UnitTest>
    <UnitTest name="Edit_Failed_TooLongtName" storage="d:\_work_\_oktatas_\bme\factorydemo\test\bin\debug\test.dll" id="380198bc-6281-bcb1-48c2-48331accc818">
      <DeploymentItems>
        <DeploymentItem filename="unity.config" />
      </DeploymentItems>
      <Execution id="d2cf778c-2753-4d27-9006-2463672c4455" />
      <TestMethod codeBase="d:/_WORK_/_Oktatas_/BME/FactoryDemo/Test/bin/Debug/Test.DLL" adapterTypeName="Microsoft.VisualStudio.TestTools.TestTypes.Unit.UnitTestAdapter, Microsoft.VisualStudio.QualityTools.Tips.UnitTest.Adapter, Version=10.0.0.0, Culture=neutral, PublicKeyToken=b03f5f7f11d50a3a" className="Test.Controllers.ControllerTest, Test, Version=1.0.0.0, Culture=neutral, PublicKeyToken=null" name="Edit_Failed_TooLongtName" />
    </UnitTest>
    <UnitTest name="Edit_Failed_TooShortName" storage="d:\_work_\_oktatas_\bme\factorydemo\test\bin\debug\test.dll" id="7f059479-5e2a-0869-7194-c68544b67148">
      <DeploymentItems>
        <DeploymentItem filename="unity.config" />
      </DeploymentItems>
      <Execution id="70445e41-2851-475b-9f7b-3761fa141acf" />
      <TestMethod codeBase="d:/_WORK_/_Oktatas_/BME/FactoryDemo/Test/bin/Debug/Test.DLL" adapterTypeName="Microsoft.VisualStudio.TestTools.TestTypes.Unit.UnitTestAdapter, Microsoft.VisualStudio.QualityTools.Tips.UnitTest.Adapter, Version=10.0.0.0, Culture=neutral, PublicKeyToken=b03f5f7f11d50a3a" className="Test.Controllers.ControllerTest, Test, Version=1.0.0.0, Culture=neutral, PublicKeyToken=null" name="Edit_Failed_TooShortName" />
    </UnitTest>
  </TestDefinitions>
  <TestLists>
    <TestList name="Results Not in a List" id="8c84fa94-04c1-424b-9868-57a2d4851a1d" />
    <TestList name="All Loaded Results" id="19431567-8539-422a-85d7-44ee4e166bda" />
  </TestLists>
  <TestEntries>
    <TestEntry testId="01c5e9f3-963a-42f7-d8a5-1c91c5ef40f7" executionId="adde08e7-a585-4845-9af8-3854ce3532f1" testListId="8c84fa94-04c1-424b-9868-57a2d4851a1d" />
    <TestEntry testId="380198bc-6281-bcb1-48c2-48331accc818" executionId="d2cf778c-2753-4d27-9006-2463672c4455" testListId="8c84fa94-04c1-424b-9868-57a2d4851a1d" />
    <TestEntry testId="7f059479-5e2a-0869-7194-c68544b67148" executionId="70445e41-2851-475b-9f7b-3761fa141acf" testListId="8c84fa94-04c1-424b-9868-57a2d4851a1d" />
  </TestEntries>
  <Results>
    <UnitTestResult executionId="adde08e7-a585-4845-9af8-3854ce3532f1" testId="01c5e9f3-963a-42f7-d8a5-1c91c5ef40f7" testName="EditTest" computerName="CSABEE-PC" duration="00:00:00.4770968" startTime="2012-04-17T16:43:55.0090070+02:00" endTime="2012-04-17T16:43:55.7210478+02:00" testType="13cdc9d9-ddb5-4fa4-a97d-d965ccfc6d4b" outcome="Passed" testListId="8c84fa94-04c1-424b-9868-57a2d4851a1d" relativeResultsDirectory="adde08e7-a585-4845-9af8-3854ce3532f1">
    </UnitTestResult>
    <UnitTestResult executionId="d2cf778c-2753-4d27-9006-2463672c4455" testId="380198bc-6281-bcb1-48c2-48331accc818" testName="Edit_Failed_TooLongtName" computerName="CSABEE-PC" duration="00:00:00.0149710" startTime="2012-04-17T16:43:55.7250480+02:00" endTime="2012-04-17T16:43:55.7440491+02:00" testType="13cdc9d9-ddb5-4fa4-a97d-d965ccfc6d4b" outcome="Failed" testListId="8c84fa94-04c1-424b-9868-57a2d4851a1d" relativeResultsDirectory="d2cf778c-2753-4d27-9006-2463672c4455">
      <Output>
        <ErrorInfo>
          <Message>Assert.IsInstanceOfType failed.  Expected type:&lt;System.Web.Mvc.ViewResult&gt;. Actual type:&lt;System.Web.Mvc.RedirectToRouteResult&gt;.</Message>
          <StackTrace>   at Test.Controllers.ControllerTest.Edit_Failed_TooLongtName() in d:\_WORK_\_Oktatas_\BME\FactoryDemo\Test\Controllers\ControllerTest.cs:line 122
</StackTrace>
        </ErrorInfo>
      </Output>
    </UnitTestResult>
    <UnitTestResult executionId="70445e41-2851-475b-9f7b-3761fa141acf" testId="7f059479-5e2a-0869-7194-c68544b67148" testName="Edit_Failed_TooShortName" computerName="CSABEE-PC" duration="00:00:00.0044684" startTime="2012-04-17T16:43:55.7460492+02:00" endTime="2012-04-17T16:43:55.7610501+02:00" testType="13cdc9d9-ddb5-4fa4-a97d-d965ccfc6d4b" outcome="Failed" testListId="8c84fa94-04c1-424b-9868-57a2d4851a1d" relativeResultsDirectory="70445e41-2851-475b-9f7b-3761fa141acf">
      <Output>
        <ErrorInfo>
          <Message>Assert.IsInstanceOfType failed.  Expected type:&lt;System.Web.Mvc.ViewResult&gt;. Actual type:&lt;System.Web.Mvc.RedirectToRouteResult&gt;.</Message>
          <StackTrace>   at Test.Controllers.ControllerTest.Edit_Failed_TooShortName() in d:\_WORK_\_Oktatas_\BME\FactoryDemo\Test\Controllers\ControllerTest.cs:line 84
</StackTrace>
        </ErrorInfo>
      </Output>
    </UnitTestResult>
  </Results>
</TestRun>