<?xml version="1.0" encoding="UTF-8"?>
<TestRun id="07e0c18a-571a-49df-b65c-d585a6768091" name="csabee@CSABEE-PC 2012-04-17 16:41:18" runUser="csabee-PC\csabee" xmlns="http://microsoft.com/schemas/VisualStudio/TeamTest/2010">
  <TestSettings name="Local" id="a735ae1b-cd0b-4343-a311-8612d00281aa">
    <Description>These are default test settings for a local test run.</Description>
    <Deployment enabled="false" runDeploymentRoot="csabee_CSABEE-PC 2012-04-17 16_41_18">
      <DeploymentItem filename="d:\_WORK_\_Oktatas_\BME\FactoryDemo\packages\EntityFramework.4.1.10331.0\lib\EntityFramework.dll" />
      <DeploymentItem filename="d:\_WORK_\_Oktatas_\BME\FactoryDemo\packages\CommonServiceLocator.1.0\lib\NET35\Microsoft.Practices.ServiceLocation.dll" />
      <DeploymentItem filename="d:\_WORK_\_Oktatas_\BME\FactoryDemo\DataAccess\bin\Debug\DataAccess.dll" />
      <DeploymentItem filename="d:\_WORK_\_Oktatas_\BME\FactoryDemo\FactoryDemo\bin\FactoryDemo.dll" />
      <DeploymentItem filename="d:\_WORK_\_Oktatas_\BME\FactoryDemo\packages\Unity.2.1.505.0\lib\NET35\Microsoft.Practices.Unity.Configuration.dll" />
      <DeploymentItem filename="d:\_WORK_\_Oktatas_\BME\FactoryDemo\packages\Moq.4.0.10827\lib\NET40\Moq.dll" />
      <DeploymentItem filename="d:\_WORK_\_Oktatas_\BME\FactoryDemo\packages\Unity.Interception.2.1.505.0\lib\NET35\Microsoft.Practices.Unity.Interception.dll" />
      <DeploymentItem filename="d:\_WORK_\_Oktatas_\BME\FactoryDemo\packages\Unity.Interception.2.1.505.0\lib\NET35\Microsoft.Practices.Unity.Interception.Configuration.dll" />
      <DeploymentItem filename="d:\_WORK_\_Oktatas_\BME\FactoryDemo\packages\Unity.2.1.505.0\lib\NET35\Microsoft.Practices.Unity.dll" />
    </Deployment>
    <Execution>
      <TestTypeSpecific />
      <AgentRule name="Execution Agents">
      </AgentRule>
    </Execution>
  </TestSettings>
  <Times creation="2012-04-17T16:41:18.1530354+02:00" queuing="2012-04-17T16:41:18.1650361+02:00" start="2012-04-17T16:41:18.1780368+02:00" finish="2012-04-17T16:41:18.9270797+02:00" />
  <ResultSummary outcome="Failed">
    <Counters total="3" executed="3" passed="2" error="0" failed="1" timeout="0" aborted="0" inconclusive="0" passedButRunAborted="0" notRunnable="0" notExecuted="0" disconnected="0" warning="0" completed="0" inProgress="0" pending="0" />
    <RunInfos>
      <RunInfo computerName="CSABEE-PC" outcome="Warning" timestamp="2012-04-17T16:41:18.1640360+02:00">
        <Text>Deployment is currently disabled. The deployment item 'unity.config' on test 'Test.Controllers.ControllerTest.EditTest' was not deployed.</Text>
      </RunInfo>
    </RunInfos>
  </ResultSummary>
  <TestDefinitions>
    <UnitTest name="EditTest" storage="d:\_work_\_oktatas_\bme\factorydemo\test\bin\debug\test.dll" id="01c5e9f3-963a-42f7-d8a5-1c91c5ef40f7">
      <DeploymentItems>
        <DeploymentItem filename="unity.config" />
      </DeploymentItems>
      <Execution id="5b2c0460-daa2-4fe9-995e-bd4a7257eefe" />
      <TestMethod codeBase="d:/_WORK_/_Oktatas_/BME/FactoryDemo/Test/bin/Debug/Test.DLL" adapterTypeName="Microsoft.VisualStudio.TestTools.TestTypes.Unit.UnitTestAdapter, Microsoft.VisualStudio.QualityTools.Tips.UnitTest.Adapter, Version=10.0.0.0, Culture=neutral, PublicKeyToken=b03f5f7f11d50a3a" className="Test.Controllers.ControllerTest, Test, Version=1.0.0.0, Culture=neutral, PublicKeyToken=null" name="EditTest" />
    </UnitTest>
    <UnitTest name="Edit_Failed_TooLongtName" storage="d:\_work_\_oktatas_\bme\factorydemo\test\bin\debug\test.dll" id="380198bc-6281-bcb1-48c2-48331accc818">
      <DeploymentItems>
        <DeploymentItem filename="unity.config" />
      </DeploymentItems>
      <Execution id="dbdbf147-3b53-4219-9df4-0e8d64d93158" />
      <TestMethod codeBase="d:/_WORK_/_Oktatas_/BME/FactoryDemo/Test/bin/Debug/Test.DLL" adapterTypeName="Microsoft.VisualStudio.TestTools.TestTypes.Unit.UnitTestAdapter, Microsoft.VisualStudio.QualityTools.Tips.UnitTest.Adapter, Version=10.0.0.0, Culture=neutral, PublicKeyToken=b03f5f7f11d50a3a" className="Test.Controllers.ControllerTest, Test, Version=1.0.0.0, Culture=neutral, PublicKeyToken=null" name="Edit_Failed_TooLongtName" />
    </UnitTest>
    <UnitTest name="Edit_Failed_TooShortName" storage="d:\_work_\_oktatas_\bme\factorydemo\test\bin\debug\test.dll" id="7f059479-5e2a-0869-7194-c68544b67148">
      <DeploymentItems>
        <DeploymentItem filename="unity.config" />
      </DeploymentItems>
      <Execution id="7d0874f6-4b5d-4f22-8bfe-c44ba9141c16" />
      <TestMethod codeBase="d:/_WORK_/_Oktatas_/BME/FactoryDemo/Test/bin/Debug/Test.DLL" adapterTypeName="Microsoft.VisualStudio.TestTools.TestTypes.Unit.UnitTestAdapter, Microsoft.VisualStudio.QualityTools.Tips.UnitTest.Adapter, Version=10.0.0.0, Culture=neutral, PublicKeyToken=b03f5f7f11d50a3a" className="Test.Controllers.ControllerTest, Test, Version=1.0.0.0, Culture=neutral, PublicKeyToken=null" name="Edit_Failed_TooShortName" />
    </UnitTest>
  </TestDefinitions>
  <TestLists>
    <TestList name="Results Not in a List" id="8c84fa94-04c1-424b-9868-57a2d4851a1d" />
    <TestList name="All Loaded Results" id="19431567-8539-422a-85d7-44ee4e166bda" />
  </TestLists>
  <TestEntries>
    <TestEntry testId="01c5e9f3-963a-42f7-d8a5-1c91c5ef40f7" executionId="5b2c0460-daa2-4fe9-995e-bd4a7257eefe" testListId="8c84fa94-04c1-424b-9868-57a2d4851a1d" />
    <TestEntry testId="380198bc-6281-bcb1-48c2-48331accc818" executionId="dbdbf147-3b53-4219-9df4-0e8d64d93158" testListId="8c84fa94-04c1-424b-9868-57a2d4851a1d" />
    <TestEntry testId="7f059479-5e2a-0869-7194-c68544b67148" executionId="7d0874f6-4b5d-4f22-8bfe-c44ba9141c16" testListId="8c84fa94-04c1-424b-9868-57a2d4851a1d" />
  </TestEntries>
  <Results>
    <UnitTestResult executionId="5b2c0460-daa2-4fe9-995e-bd4a7257eefe" testId="01c5e9f3-963a-42f7-d8a5-1c91c5ef40f7" testName="EditTest" computerName="CSABEE-PC" duration="00:00:00.4887356" startTime="2012-04-17T16:41:18.1830371+02:00" endTime="2012-04-17T16:41:18.8830772+02:00" testType="13cdc9d9-ddb5-4fa4-a97d-d965ccfc6d4b" outcome="Passed" testListId="8c84fa94-04c1-424b-9868-57a2d4851a1d" relativeResultsDirectory="5b2c0460-daa2-4fe9-995e-bd4a7257eefe">
    </UnitTestResult>
    <UnitTestResult executionId="dbdbf147-3b53-4219-9df4-0e8d64d93158" testId="380198bc-6281-bcb1-48c2-48331accc818" testName="Edit_Failed_TooLongtName" computerName="CSABEE-PC" duration="00:00:00.0035019" startTime="2012-04-17T16:41:18.8840772+02:00" endTime="2012-04-17T16:41:18.8920777+02:00" testType="13cdc9d9-ddb5-4fa4-a97d-d965ccfc6d4b" outcome="Passed" testListId="8c84fa94-04c1-424b-9868-57a2d4851a1d" relativeResultsDirectory="dbdbf147-3b53-4219-9df4-0e8d64d93158">
    </UnitTestResult>
    <UnitTestResult executionId="7d0874f6-4b5d-4f22-8bfe-c44ba9141c16" testId="7f059479-5e2a-0869-7194-c68544b67148" testName="Edit_Failed_TooShortName" computerName="CSABEE-PC" duration="00:00:00.0151096" startTime="2012-04-17T16:41:18.8940778+02:00" endTime="2012-04-17T16:41:18.9140789+02:00" testType="13cdc9d9-ddb5-4fa4-a97d-d965ccfc6d4b" outcome="Failed" testListId="8c84fa94-04c1-424b-9868-57a2d4851a1d" relativeResultsDirectory="7d0874f6-4b5d-4f22-8bfe-c44ba9141c16">
      <Output>
        <ErrorInfo>
          <Message>Assert.IsInstanceOfType failed.  Expected type:&lt;System.Web.Mvc.ViewResult&gt;. Actual type:&lt;System.Web.Mvc.RedirectToRouteResult&gt;.</Message>
          <StackTrace>   at Test.Controllers.ControllerTest.Edit_Failed_TooShortName() in d:\_WORK_\_Oktatas_\BME\FactoryDemo\Test\Controllers\ControllerTest.cs:line 84
</StackTrace>
        </ErrorInfo>
      </Output>
    </UnitTestResult>
  </Results>
</TestRun>