<?xml version="1.0" encoding="UTF-8"?>
<TestRun id="a3c446a4-b094-43b6-b20a-b4072e6a26a7" name="molnarcs@SNBPPC019 2012-03-08 06:34:05" runUser="SN\molnarcs" xmlns="http://microsoft.com/schemas/VisualStudio/TeamTest/2010">
  <TestSettings name="Local" id="a735ae1b-cd0b-4343-a311-8612d00281aa">
    <Description>These are default test settings for a local test run.</Description>
    <Deployment enabled="false" runDeploymentRoot="molnarcs_SNBPPC019 2012-03-08 06_34_05">
      <DeploymentItem filename="d:\temp\FactoryDemo\FactoryDemo\packages\Unity.2.1.505.0\lib\NET35\Microsoft.Practices.Unity.dll" />
      <DeploymentItem filename="d:\temp\FactoryDemo\FactoryDemo\packages\Unity.2.1.505.0\lib\NET35\Microsoft.Practices.Unity.Configuration.dll" />
      <DeploymentItem filename="d:\temp\FactoryDemo\FactoryDemo\packages\CommonServiceLocator.1.0\lib\NET35\Microsoft.Practices.ServiceLocation.dll" />
      <DeploymentItem filename="d:\temp\FactoryDemo\FactoryDemo\packages\Moq.4.0.10827\lib\NET40\Moq.dll" />
      <DeploymentItem filename="d:\temp\FactoryDemo\FactoryDemo\FactoryDemo\bin\FactoryDemo.dll" />
      <DeploymentItem filename="d:\temp\FactoryDemo\FactoryDemo\packages\Unity.Interception.2.1.505.0\lib\NET35\Microsoft.Practices.Unity.Interception.dll" />
      <DeploymentItem filename="d:\temp\FactoryDemo\FactoryDemo\packages\Unity.Interception.2.1.505.0\lib\NET35\Microsoft.Practices.Unity.Interception.Configuration.dll" />
      <DeploymentItem filename="d:\temp\FactoryDemo\FactoryDemo\packages\EntityFramework.4.1.10331.0\lib\EntityFramework.dll" />
      <DeploymentItem filename="d:\temp\FactoryDemo\FactoryDemo\DataAccess\bin\Debug\DataAccess.dll" />
    </Deployment>
    <Execution>
      <TestTypeSpecific />
      <AgentRule name="Execution Agents">
      </AgentRule>
    </Execution>
  </TestSettings>
  <Times creation="2012-03-08T06:34:05.1925410+01:00" queuing="2012-03-08T06:34:06.2675410+01:00" start="2012-03-08T06:34:06.4655410+01:00" finish="2012-03-08T06:37:43.8935410+01:00" />
  <ResultSummary outcome="Error">
    <Counters total="1" executed="1" error="0" failed="0" timeout="0" aborted="1" inconclusive="0" passedButRunAborted="0" notRunnable="0" notExecuted="0" disconnected="0" warning="0" passed="0" completed="0" inProgress="0" pending="0" />
    <RunInfos>
      <RunInfo computerName="SNBPPC019" outcome="Warning" timestamp="2012-03-08T06:34:05.2305410+01:00">
        <Text>Deployment is currently disabled. The deployment item 'unity.config' on test 'Test.Controllers.ControllerTest.EditTest' was not deployed.</Text>
      </RunInfo>
      <RunInfo computerName="SNBPPC019" outcome="Error" timestamp="2012-03-08T06:37:43.8925410+01:00">
        <Text>Test host process exited unexpectedly.</Text>
      </RunInfo>
    </RunInfos>
  </ResultSummary>
  <TestDefinitions>
    <UnitTest name="EditTest" storage="d:\temp\factorydemo\factorydemo\test\bin\debug\test.dll" id="01c5e9f3-963a-42f7-d8a5-1c91c5ef40f7">
      <DeploymentItems>
        <DeploymentItem filename="unity.config" />
      </DeploymentItems>
      <Execution id="00414ad4-633a-4413-a916-a7964ff900f4" />
      <TestMethod codeBase="d:/temp/FactoryDemo/FactoryDemo/Test/bin/Debug/Test.DLL" adapterTypeName="Microsoft.VisualStudio.TestTools.TestTypes.Unit.UnitTestAdapter, Microsoft.VisualStudio.QualityTools.Tips.UnitTest.Adapter, Version=10.0.0.0, Culture=neutral, PublicKeyToken=b03f5f7f11d50a3a" className="Test.Controllers.ControllerTest, Test, Version=1.0.0.0, Culture=neutral, PublicKeyToken=null" name="EditTest" />
    </UnitTest>
  </TestDefinitions>
  <TestLists>
    <TestList name="Results Not in a List" id="8c84fa94-04c1-424b-9868-57a2d4851a1d" />
    <TestList name="All Loaded Results" id="19431567-8539-422a-85d7-44ee4e166bda" />
  </TestLists>
  <TestEntries>
    <TestEntry testId="01c5e9f3-963a-42f7-d8a5-1c91c5ef40f7" executionId="00414ad4-633a-4413-a916-a7964ff900f4" testListId="8c84fa94-04c1-424b-9868-57a2d4851a1d" />
  </TestEntries>
  <Results>
    <UnitTestResult executionId="00414ad4-633a-4413-a916-a7964ff900f4" testId="01c5e9f3-963a-42f7-d8a5-1c91c5ef40f7" testName="EditTest" computerName="SNBPPC019" duration="00:03:37.2950000" startTime="2012-03-08T06:34:06.5985410+01:00" endTime="2012-03-08T06:37:43.8935410+01:00" testType="13cdc9d9-ddb5-4fa4-a97d-d965ccfc6d4b" outcome="Aborted" testListId="8c84fa94-04c1-424b-9868-57a2d4851a1d" relativeResultsDirectory="00414ad4-633a-4413-a916-a7964ff900f4">
    </UnitTestResult>
  </Results>
</TestRun>