<?xml version="1.0" encoding="UTF-8"?>
<TestRun id="044d0774-739f-4833-a611-f5f4e4230ec5" name="molnarcs@SNBPPC019 2012-03-08 06:47:33" runUser="SN\molnarcs" xmlns="http://microsoft.com/schemas/VisualStudio/TeamTest/2010">
  <TestSettings name="Local" id="a735ae1b-cd0b-4343-a311-8612d00281aa">
    <Description>These are default test settings for a local test run.</Description>
    <Deployment enabled="false" runDeploymentRoot="molnarcs_SNBPPC019 2012-03-08 06_47_33">
      <DeploymentItem filename="d:\temp\FactoryDemo\FactoryDemo\packages\Unity.2.1.505.0\lib\NET35\Microsoft.Practices.Unity.dll" />
      <DeploymentItem filename="d:\temp\FactoryDemo\FactoryDemo\packages\Unity.2.1.505.0\lib\NET35\Microsoft.Practices.Unity.Configuration.dll" />
      <DeploymentItem filename="d:\temp\FactoryDemo\FactoryDemo\packages\CommonServiceLocator.1.0\lib\NET35\Microsoft.Practices.ServiceLocation.dll" />
      <DeploymentItem filename="d:\temp\FactoryDemo\FactoryDemo\packages\Moq.4.0.10827\lib\NET40\Moq.dll" />
      <DeploymentItem filename="d:\temp\FactoryDemo\FactoryDemo\FactoryDemo\bin\FactoryDemo.dll" />
      <DeploymentItem filename="d:\temp\FactoryDemo\FactoryDemo\packages\Unity.Interception.2.1.505.0\lib\NET35\Microsoft.Practices.Unity.Interception.dll" />
      <DeploymentItem filename="d:\temp\FactoryDemo\FactoryDemo\packages\Unity.Interception.2.1.505.0\lib\NET35\Microsoft.Practices.Unity.Interception.Configuration.dll" />
      <DeploymentItem filename="d:\temp\FactoryDemo\FactoryDemo\packages\EntityFramework.4.1.10331.0\lib\EntityFramework.dll" />
      <DeploymentItem filename="d:\temp\FactoryDemo\FactoryDemo\DataAccess\bin\Debug\DataAccess.dll" />
    </Deployment>
    <Execution>
      <TestTypeSpecific />
      <AgentRule name="Execution Agents">
      </AgentRule>
    </Execution>
  </TestSettings>
  <Times creation="2012-03-08T06:47:33.5427938+01:00" queuing="2012-03-08T06:47:33.5709282+01:00" start="2012-03-08T06:47:33.5849954+01:00" finish="2012-03-08T06:47:34.2913698+01:00" />
  <ResultSummary outcome="Failed">
    <Counters total="2" executed="2" passed="1" error="0" failed="1" timeout="0" aborted="0" inconclusive="0" passedButRunAborted="0" notRunnable="0" notExecuted="0" disconnected="0" warning="0" completed="0" inProgress="0" pending="0" />
    <RunInfos>
      <RunInfo computerName="SNBPPC019" outcome="Warning" timestamp="2012-03-08T06:47:33.5709282+01:00">
        <Text>Deployment is currently disabled. The deployment item 'unity.config' on test 'Test.Controllers.ControllerTest.EditTest' was not deployed.</Text>
      </RunInfo>
    </RunInfos>
  </ResultSummary>
  <TestDefinitions>
    <UnitTest name="EditTest" storage="d:\temp\factorydemo\factorydemo\test\bin\debug\test.dll" id="01c5e9f3-963a-42f7-d8a5-1c91c5ef40f7">
      <DeploymentItems>
        <DeploymentItem filename="unity.config" />
      </DeploymentItems>
      <Execution id="137c1323-48c0-4af2-b705-120734298196" />
      <TestMethod codeBase="d:/temp/FactoryDemo/FactoryDemo/Test/bin/Debug/Test.DLL" adapterTypeName="Microsoft.VisualStudio.TestTools.TestTypes.Unit.UnitTestAdapter, Microsoft.VisualStudio.QualityTools.Tips.UnitTest.Adapter, Version=10.0.0.0, Culture=neutral, PublicKeyToken=b03f5f7f11d50a3a" className="Test.Controllers.ControllerTest, Test, Version=1.0.0.0, Culture=neutral, PublicKeyToken=null" name="EditTest" />
    </UnitTest>
    <UnitTest name="Edit_Failed_TooShortName" storage="d:\temp\factorydemo\factorydemo\test\bin\debug\test.dll" id="7f059479-5e2a-0869-7194-c68544b67148">
      <DeploymentItems>
        <DeploymentItem filename="unity.config" />
      </DeploymentItems>
      <Execution id="e86fa021-a113-41a3-90b4-bddd12b8e170" />
      <TestMethod codeBase="d:/temp/FactoryDemo/FactoryDemo/Test/bin/Debug/Test.DLL" adapterTypeName="Microsoft.VisualStudio.TestTools.TestTypes.Unit.UnitTestAdapter, Microsoft.VisualStudio.QualityTools.Tips.UnitTest.Adapter, Version=10.0.0.0, Culture=neutral, PublicKeyToken=b03f5f7f11d50a3a" className="Test.Controllers.ControllerTest, Test, Version=1.0.0.0, Culture=neutral, PublicKeyToken=null" name="Edit_Failed_TooShortName" />
    </UnitTest>
  </TestDefinitions>
  <TestLists>
    <TestList name="Results Not in a List" id="8c84fa94-04c1-424b-9868-57a2d4851a1d" />
    <TestList name="All Loaded Results" id="19431567-8539-422a-85d7-44ee4e166bda" />
  </TestLists>
  <TestEntries>
    <TestEntry testId="01c5e9f3-963a-42f7-d8a5-1c91c5ef40f7" executionId="137c1323-48c0-4af2-b705-120734298196" testListId="8c84fa94-04c1-424b-9868-57a2d4851a1d" />
    <TestEntry testId="7f059479-5e2a-0869-7194-c68544b67148" executionId="e86fa021-a113-41a3-90b4-bddd12b8e170" testListId="8c84fa94-04c1-424b-9868-57a2d4851a1d" />
  </TestEntries>
  <Results>
    <UnitTestResult executionId="137c1323-48c0-4af2-b705-120734298196" testId="01c5e9f3-963a-42f7-d8a5-1c91c5ef40f7" testName="EditTest" computerName="SNBPPC019" duration="00:00:00.4545435" startTime="2012-03-08T06:47:33.5970530+01:00" endTime="2012-03-08T06:47:34.2511778+01:00" testType="13cdc9d9-ddb5-4fa4-a97d-d965ccfc6d4b" outcome="Passed" testListId="8c84fa94-04c1-424b-9868-57a2d4851a1d" relativeResultsDirectory="137c1323-48c0-4af2-b705-120734298196">
    </UnitTestResult>
    <UnitTestResult executionId="e86fa021-a113-41a3-90b4-bddd12b8e170" testId="7f059479-5e2a-0869-7194-c68544b67148" testName="Edit_Failed_TooShortName" computerName="SNBPPC019" duration="00:00:00.0197904" startTime="2012-03-08T06:47:34.2541922+01:00" endTime="2012-03-08T06:47:34.2773026+01:00" testType="13cdc9d9-ddb5-4fa4-a97d-d965ccfc6d4b" outcome="Failed" testListId="8c84fa94-04c1-424b-9868-57a2d4851a1d" relativeResultsDirectory="e86fa021-a113-41a3-90b4-bddd12b8e170">
      <Output>
        <ErrorInfo>
          <Message>Assert.IsInstanceOfType failed.  Expected type:&lt;System.Collections.Generic.List`1[FactoryDemo.Models.Termek]&gt;. Actual type:&lt;FactoryDemo.Models.Termek&gt;.</Message>
          <StackTrace>   at Test.Controllers.ControllerTest.Edit_Failed_TooShortName() in d:\temp\FactoryDemo\FactoryDemo\Test\Controllers\ControllerTest.cs:line 84
</StackTrace>
        </ErrorInfo>
      </Output>
    </UnitTestResult>
  </Results>
</TestRun>